<?xml version="1.0" encoding="UTF-8"?>
<!-- Generated by org.testng.reporters.JUnitReportReporter -->
<testsuite hostname="LAPTOP-D0222Q4F" failures="0" tests="2" name="Academy.Homepage" time="9.675" errors="0" timestamp="2021-07-10T21:52:12 IST" skipped="0">
  <testcase classname="Academy.Homepage" name="basePageNavigation" time="3.076"/>
  <system-out/>
  <testcase classname="Academy.Homepage" name="basePageNavigation" time="6.599"/>
  <system-out/>
</testsuite> <!-- Academy.Homepage -->
