<?xml version="1.0" encoding="UTF-8"?>
<!-- Generated by org.testng.reporters.JUnitReportReporter -->
<testsuite hostname="LAPTOP-D0222Q4F" failures="0" tests="1" name="Academy.ValidateNavbar" time="0.238" errors="0" timestamp="2021-07-10T21:52:12 IST" skipped="0">
  <testcase classname="Academy.ValidateNavbar" name="validatenavebar" time="0.238"/>
  <system-out/>
</testsuite> <!-- Academy.ValidateNavbar -->
