<?xml version="1.0" encoding="UTF-8"?>
<!-- Generated by org.testng.reporters.JUnitReportReporter -->
<testsuite hostname="LAPTOP-D0222Q4F" failures="0" tests="1" name="Academy.ValidateTitle" time="0.081" errors="0" timestamp="2021-07-10T16:09:22 IST" skipped="0">
  <testcase classname="Academy.ValidateTitle" name="validatetitle" time="0.081"/>
  <system-out/>
</testsuite> <!-- Academy.ValidateTitle -->
