<?xml version="1.0" encoding="UTF-8"?>
<!-- Generated by org.testng.reporters.JUnitReportReporter -->
<testsuite hostname="LAPTOP-D0222Q4F" failures="0" tests="2" name="Academy.Homepage" time="11.228" errors="0" timestamp="2021-07-10T16:09:22 IST" skipped="0">
  <testcase classname="Academy.Homepage" name="basePageNavigation" time="6.934"/>
  <system-out/>
  <testcase classname="Academy.Homepage" name="basePageNavigation" time="4.294"/>
  <system-out/>
</testsuite> <!-- Academy.Homepage -->
